#
# There is insufficient memory for the Java Runtime Environment to continue.
# Native memory allocation (mmap) failed to map 268435456 bytes for Failed to commit area from 0x0000000701c00000 to 0x0000000711c00000 of length 268435456.
# Possible reasons:
#   The system is out of physical RAM or swap space
#   The process is running with CompressedOops enabled, and the Java Heap may be blocking the growth of the native heap
# Possible solutions:
#   Reduce memory load on the system
#   Increase physical memory or swap space
#   Check if swap backing store is full
#   Decrease Java heap size (-Xmx/-Xms)
#   Decrease number of Java threads
#   Decrease Java thread stack sizes (-Xss)
#   Set larger code cache with -XX:ReservedCodeCacheSize=
# This output file may be truncated or incomplete.
#
#  Out of Memory Error (t:/workspace/open/src/hotspot/os/windows/os_windows.cpp:3264), pid=12696, tid=9256
#
# JRE version:  (12.0.2+10) (build )
# Java VM: Java HotSpot(TM) 64-Bit Server VM (12.0.2+10, mixed mode, aot, sharing, tiered, compressed oops, g1 gc, windows-amd64)
# No core dump will be written. Minidumps are not enabled by default on client versions of Windows
#

---------------  S U M M A R Y ------------

Command Line: -Dfile.encoding=Cp1252 gamechess.Main

Host: Intel(R) Core(TM) i7-4770 CPU @ 3.40GHz, 8 cores, 15G,  Windows 10 , 64 bit Build 18362 (10.0.18362.329)
Time: Fri Sep 13 17:11:33 2019 SE Asia Standard Time elapsed time: 0 seconds (0d 0h 0m 0s)

---------------  T H R E A D  ---------------

Current thread (0x0000025246687800):  JavaThread "Unknown thread" [_thread_in_vm, id=9256, stack(0x000000e817600000,0x000000e817700000)]

Stack: [0x000000e817600000,0x000000e817700000]
Native frames: (J=compiled Java code, j=interpreted, Vv=VM code, C=native code)
V  [jvm.dll+0x63aa2a]
V  [jvm.dll+0x78ce1e]
V  [jvm.dll+0x78e4c1]
V  [jvm.dll+0x78eb13]
V  [jvm.dll+0x2627e8]
V  [jvm.dll+0x637f5a]
V  [jvm.dll+0x62c845]
V  [jvm.dll+0x31e49c]
V  [jvm.dll+0x31e2cf]
V  [jvm.dll+0x324006]
V  [jvm.dll+0x371f56]
V  [jvm.dll+0x371720]
V  [jvm.dll+0x2f845a]
V  [jvm.dll+0x2f96d2]
V  [jvm.dll+0x767267]
V  [jvm.dll+0x7689f5]
V  [jvm.dll+0x380059]
V  [jvm.dll+0x74b794]
V  [jvm.dll+0x3ef5cd]
V  [jvm.dll+0x3f1471]
C  [jli.dll+0x51cf]
C  [ucrtbase.dll+0x1d9f2]
C  [KERNEL32.DLL+0x17bd4]
C  [ntdll.dll+0x6cee1]


---------------  P R O C E S S  ---------------

Threads class SMR info:
_java_thread_list=0x00007ffa30187928, length=0, elements={
}

Java Threads: ( => current thread )

Other Threads:
  0x00000252466ea800 GCTaskThread "GC Thread#0" [stack: 0x000000e817700000,0x000000e817800000] [id=12068]
  0x0000025246706800 ConcurrentGCThread "G1 Main Marker" [stack: 0x000000e817800000,0x000000e817900000] [id=15224]
  0x0000025246708000 ConcurrentGCThread "G1 Conc#0" [stack: 0x000000e817900000,0x000000e817a00000] [id=7320]

[error occurred during error reporting (printing all threads), id 0xc0000005, EXCEPTION_ACCESS_VIOLATION (0xc0000005) at pc=0x00007ffa2f9b85e7]

VM state:not at safepoint (not fully initialized)

VM Mutex/Monitor currently owned by a thread:  ([mutex/lock_event])
[0x0000025246682240] Heap_lock - owner thread: 0x0000025246687800

Heap address: 0x0000000701c00000, size: 4068 MB, Compressed Oops mode: Non-zero based: 0x0000000701c00000
Narrow klass base: 0x0000000000000000, Narrow klass shift: 0

GC Heap History (0 events):
No events

Deoptimization events (0 events):
No events

Classes redefined (0 events):
No events

Internal exceptions (0 events):
No events

Events (0 events):
No events


Dynamic libraries:
0x00007ff7dad20000 - 0x00007ff7dad2f000 	C:\Program Files\Java\jdk-12.0.2\bin\javaw.exe
0x00007ffa73940000 - 0x00007ffa73b30000 	C:\WINDOWS\SYSTEM32\ntdll.dll
0x00007ffa723b0000 - 0x00007ffa72462000 	C:\WINDOWS\System32\KERNEL32.DLL
0x00007ffa70900000 - 0x00007ffa70ba3000 	C:\WINDOWS\System32\KERNELBASE.dll
0x00007ffa718f0000 - 0x00007ffa719ea000 	C:\WINDOWS\System32\ucrtbase.dll
0x00007ffa56b40000 - 0x00007ffa56b56000 	C:\Program Files\Java\jdk-12.0.2\bin\VCRUNTIME140.dll
0x00007ffa56b60000 - 0x00007ffa56b78000 	C:\Program Files\Java\jdk-12.0.2\bin\jli.dll
0x00007ffa71bc0000 - 0x00007ffa71c63000 	C:\WINDOWS\System32\ADVAPI32.dll
0x00007ffa726b0000 - 0x00007ffa7274e000 	C:\WINDOWS\System32\msvcrt.dll
0x00007ffa71b20000 - 0x00007ffa71bb7000 	C:\WINDOWS\System32\sechost.dll
0x00007ffa719f0000 - 0x00007ffa71b10000 	C:\WINDOWS\System32\RPCRT4.dll
0x00007ffa72ec0000 - 0x00007ffa73053000 	C:\WINDOWS\System32\USER32.dll
0x00007ffa715d0000 - 0x00007ffa715f1000 	C:\WINDOWS\System32\win32u.dll
0x00007ffa592f0000 - 0x00007ffa59575000 	C:\WINDOWS\WinSxS\amd64_microsoft.windows.common-controls_6595b64144ccf1df_6.0.18362.356_none_e6c4af7d130f27cc\COMCTL32.dll
0x00007ffa73060000 - 0x00007ffa73086000 	C:\WINDOWS\System32\GDI32.dll
0x00007ffa71e60000 - 0x00007ffa72196000 	C:\WINDOWS\System32\combase.dll
0x00007ffa71600000 - 0x00007ffa71794000 	C:\WINDOWS\System32\gdi32full.dll
0x00007ffa70d50000 - 0x00007ffa70dd0000 	C:\WINDOWS\System32\bcryptPrimitives.dll
0x00007ffa717a0000 - 0x00007ffa7183e000 	C:\WINDOWS\System32\msvcp_win.dll
0x00007ffa67370000 - 0x00007ffa6737a000 	C:\WINDOWS\SYSTEM32\VERSION.dll
0x00007ffa73460000 - 0x00007ffa7348e000 	C:\WINDOWS\System32\IMM32.DLL
0x00007ffa56a90000 - 0x00007ffa56b3a000 	C:\Program Files\Java\jdk-12.0.2\bin\msvcp140.dll
0x00007ffa2f6b0000 - 0x00007ffa30227000 	C:\Program Files\Java\jdk-12.0.2\bin\server\jvm.dll
0x00007ffa726a0000 - 0x00007ffa726a8000 	C:\WINDOWS\System32\PSAPI.DLL
0x00007ffa6e7c0000 - 0x00007ffa6e7e4000 	C:\WINDOWS\SYSTEM32\WINMM.dll
0x00007ffa59010000 - 0x00007ffa59019000 	C:\WINDOWS\SYSTEM32\WSOCK32.dll
0x00007ffa72340000 - 0x00007ffa723af000 	C:\WINDOWS\System32\WS2_32.dll
0x00007ffa6e790000 - 0x00007ffa6e7bd000 	C:\WINDOWS\SYSTEM32\WINMMBASE.dll
0x00007ffa70d00000 - 0x00007ffa70d4a000 	C:\WINDOWS\System32\cfgmgr32.dll
0x00007ffa70890000 - 0x00007ffa708a1000 	C:\WINDOWS\System32\kernel.appcore.dll
0x00007ffa58fd0000 - 0x00007ffa58fe1000 	C:\Program Files\Java\jdk-12.0.2\bin\verify.dll
0x00007ffa5dd30000 - 0x00007ffa5df24000 	C:\WINDOWS\SYSTEM32\DBGHELP.DLL
0x00007ffa5dd00000 - 0x00007ffa5dd2a000 	C:\WINDOWS\SYSTEM32\dbgcore.DLL
0x00007ffa58fa0000 - 0x00007ffa58fc6000 	C:\Program Files\Java\jdk-12.0.2\bin\java.dll
0x00007ffa58f80000 - 0x00007ffa58f97000 	C:\Program Files\Java\jdk-12.0.2\bin\zip.dll
0x00007ffa58f70000 - 0x00007ffa58f7a000 	C:\Program Files\Java\jdk-12.0.2\bin\jimage.dll

dbghelp: loaded successfully - version: 4.0.5 - missing functions: none
symbol engine: initialized successfully - sym options: 0x614 - pdb path: .;C:\Program Files\Java\jdk-12.0.2\bin;C:\WINDOWS\SYSTEM32;C:\WINDOWS\WinSxS\amd64_microsoft.windows.common-controls_6595b64144ccf1df_6.0.18362.356_none_e6c4af7d130f27cc;C:\Program Files\Java\jdk-12.0.2\bin\server

VM Arguments:
jvm_args: -Dfile.encoding=Cp1252 
java_command: gamechess.Main
java_class_path (initial): C:\Users\Lionel\Documents\Eclipse\API\Chess\bin;C:\Users\Lionel\Documents\Eclipse\API\Chess\miglayout15-swing.jar
Launcher Type: SUN_STANDARD

[Global flags]
     intx CICompilerCount                          = 4                                         {product} {ergonomic}
     uint ConcGCThreads                            = 2                                         {product} {ergonomic}
     uint G1ConcRefinementThreads                  = 8                                         {product} {ergonomic}
   size_t G1HeapRegionSize                         = 1048576                                   {product} {ergonomic}
    uintx GCDrainStackTargetSize                   = 64                                        {product} {ergonomic}
   size_t InitialHeapSize                          = 268435456                                 {product} {ergonomic}
   size_t MarkStackSize                            = 4194304                                   {product} {ergonomic}
   size_t MaxHeapSize                              = 4265607168                                {product} {ergonomic}
   size_t MinHeapDeltaBytes                        = 1048576                                   {product} {ergonomic}
    uintx NonNMethodCodeHeapSize                   = 5836300                                {pd product} {ergonomic}
    uintx NonProfiledCodeHeapSize                  = 122910970                              {pd product} {ergonomic}
    uintx ProfiledCodeHeapSize                     = 122910970                              {pd product} {ergonomic}
    uintx ReservedCodeCacheSize                    = 251658240                              {pd product} {ergonomic}
     bool SegmentedCodeCache                       = true                                      {product} {ergonomic}
     bool UseCompressedClassPointers               = true                                 {lp64_product} {ergonomic}
     bool UseCompressedOops                        = true                                 {lp64_product} {ergonomic}
     bool UseG1GC                                  = true                                      {product} {ergonomic}
     bool UseLargePagesIndividualAllocation        = false                                  {pd product} {ergonomic}

Logging:
Log output configuration:
 #0: stdout all=warning uptime,level,tags
 #1: stderr all=off uptime,level,tags

Environment Variables:
JAVA_HOME=C:\Program Files\Java\jdk-12.0.2
PATH=C:/Program Files/Java/jdk-12.0.2/bin/server;C:/Program Files/Java/jdk-12.0.2/bin;C:\WINDOWS\system32;C:\WINDOWS;C:\WINDOWS\System32\Wbem;C:\WINDOWS\System32\WindowsPowerShell\v1.0\;C:\WINDOWS\System32\OpenSSH\;C:\Program Files\dotnet\;C:\Program Files\Java\jdk-12.0.2\bin;C:\Program Files\Git\cmd;C:\Program Files\nodejs\;C:\Users\Lionel\AppData\Local\Microsoft\WindowsApps;;C:\Users\Lionel\AppData\Local\Programs\Microsoft VS Code\bin;C:\Users\Lionel\.dotnet\tools;C:\Users\Lionel\AppData\Local\Microsoft\WindowsApps;C:\Users\Lionel\AppData\Roaming\npm;C:\Users\Lionel\Desktop;
USERNAME=Lionel
OS=Windows_NT
PROCESSOR_IDENTIFIER=Intel64 Family 6 Model 60 Stepping 3, GenuineIntel



---------------  S Y S T E M  ---------------

OS: Windows 10 , 64 bit Build 18362 (10.0.18362.329)

CPU:total 8 (initial active 8) (4 cores per cpu, 2 threads per core) family 6 model 60 stepping 3, cmov, cx8, fxsr, mmx, sse, sse2, sse3, ssse3, sse4.1, sse4.2, popcnt, avx, avx2, aes, clmul, erms, lzcnt, ht, tsc, tscinvbit, bmi1, bmi2, fma

Memory: 4k page, system-wide physical 16268M (3948M free)
TotalPageFile size 31705M (AvailPageFile size 113M)
current process WorkingSet (physical memory assigned to process): 10M, peak: 10M
current process commit charge ("private bytes"): 61M, peak: 317M

vm_info: Java HotSpot(TM) 64-Bit Server VM (12.0.2+10) for windows-amd64 JRE (12.0.2+10), built on Jul 16 2019 01:56:17 by "mach5one" with MS VC++ 15.5 (VS2017)

END.
