#
# There is insufficient memory for the Java Runtime Environment to continue.
# Native memory allocation (mmap) failed to map 268435456 bytes for Failed to commit area from 0x0000000701c00000 to 0x0000000711c00000 of length 268435456.
# Possible reasons:
#   The system is out of physical RAM or swap space
#   The process is running with CompressedOops enabled, and the Java Heap may be blocking the growth of the native heap
# Possible solutions:
#   Reduce memory load on the system
#   Increase physical memory or swap space
#   Check if swap backing store is full
#   Decrease Java heap size (-Xmx/-Xms)
#   Decrease number of Java threads
#   Decrease Java thread stack sizes (-Xss)
#   Set larger code cache with -XX:ReservedCodeCacheSize=
# This output file may be truncated or incomplete.
#
#  Out of Memory Error (t:/workspace/open/src/hotspot/os/windows/os_windows.cpp:3264), pid=6456, tid=10148
#
# JRE version:  (12.0.2+10) (build )
# Java VM: Java HotSpot(TM) 64-Bit Server VM (12.0.2+10, mixed mode, sharing, tiered, compressed oops, g1 gc, windows-amd64)
# No core dump will be written. Minidumps are not enabled by default on client versions of Windows
#

---------------  S U M M A R Y ------------

Command Line: -agentlib:jdwp=transport=dt_socket,suspend=y,address=localhost:62250 -javaagent:C:\Users\Lionel\eclipse\jee-latest-released\eclipse\configuration\org.eclipse.osgi\411\0\.cp\lib\javaagent-shaded.jar -Dfile.encoding=Cp1252 gamechess.Main

Host: Intel(R) Core(TM) i7-4770 CPU @ 3.40GHz, 8 cores, 15G,  Windows 10 , 64 bit Build 18362 (10.0.18362.329)
Time: Thu Sep 12 15:26:07 2019 SE Asia Standard Time elapsed time: 0 seconds (0d 0h 0m 0s)

---------------  T H R E A D  ---------------

Current thread (0x000002a2b41e8800):  JavaThread "Unknown thread" [_thread_in_vm, id=10148, stack(0x000000f300200000,0x000000f300300000)]

Stack: [0x000000f300200000,0x000000f300300000]
Native frames: (J=compiled Java code, j=interpreted, Vv=VM code, C=native code)
V  [jvm.dll+0x63aa2a]
V  [jvm.dll+0x78ce1e]
V  [jvm.dll+0x78e4c1]
V  [jvm.dll+0x78eb13]
V  [jvm.dll+0x2627e8]
V  [jvm.dll+0x637f5a]
V  [jvm.dll+0x62c845]
V  [jvm.dll+0x31e49c]
V  [jvm.dll+0x31e2cf]
V  [jvm.dll+0x324006]
V  [jvm.dll+0x371f56]
V  [jvm.dll+0x371720]
V  [jvm.dll+0x2f845a]
V  [jvm.dll+0x2f96d2]
V  [jvm.dll+0x767267]
V  [jvm.dll+0x7689f5]
V  [jvm.dll+0x380059]
V  [jvm.dll+0x74b794]
V  [jvm.dll+0x3ef5cd]
V  [jvm.dll+0x3f1471]
C  [jli.dll+0x51cf]
C  [ucrtbase.dll+0x1d9f2]
C  [KERNEL32.DLL+0x17bd4]
C  [ntdll.dll+0x6cee1]


---------------  P R O C E S S  ---------------

Threads class SMR info:
_java_thread_list=0x00007ffe011b7928, length=0, elements={
}

Java Threads: ( => current thread )

Other Threads:
  0x000002a2b424f800 GCTaskThread "GC Thread#0" [stack: 0x000000f300300000,0x000000f300400000] [id=3768]
  0x000002a2b426b000 ConcurrentGCThread "G1 Main Marker" [stack: 0x000000f300400000,0x000000f300500000] [id=9400]
  0x000002a2b426d000 ConcurrentGCThread "G1 Conc#0" [stack: 0x000000f300500000,0x000000f300600000] [id=1796]

[error occurred during error reporting (printing all threads), id 0xc0000005, EXCEPTION_ACCESS_VIOLATION (0xc0000005) at pc=0x00007ffe009e85e7]

VM state:not at safepoint (not fully initialized)

VM Mutex/Monitor currently owned by a thread:  ([mutex/lock_event])
[0x000002a2b41e5390] Heap_lock - owner thread: 0x000002a2b41e8800

Heap address: 0x0000000701c00000, size: 4068 MB, Compressed Oops mode: Non-zero based: 0x0000000701c00000
Narrow klass base: 0x0000000000000000, Narrow klass shift: 0

GC Heap History (0 events):
No events

Deoptimization events (0 events):
No events

Classes redefined (0 events):
No events

Internal exceptions (0 events):
No events

Events (0 events):
No events


Dynamic libraries:
0x00007ff64fc20000 - 0x00007ff64fc2f000 	C:\Program Files\Java\jdk-12.0.2\bin\javaw.exe
0x00007ffe41a40000 - 0x00007ffe41c30000 	C:\WINDOWS\SYSTEM32\ntdll.dll
0x00007ffe40c00000 - 0x00007ffe40cb2000 	C:\WINDOWS\System32\KERNEL32.DLL
0x00007ffe3f710000 - 0x00007ffe3f9b3000 	C:\WINDOWS\System32\KERNELBASE.dll
0x00007ffe3eb70000 - 0x00007ffe3ec6a000 	C:\WINDOWS\System32\ucrtbase.dll
0x00007ffe1cef0000 - 0x00007ffe1cf08000 	C:\Program Files\Java\jdk-12.0.2\bin\jli.dll
0x00007ffe1ced0000 - 0x00007ffe1cee6000 	C:\Program Files\Java\jdk-12.0.2\bin\VCRUNTIME140.dll
0x00007ffe3fbc0000 - 0x00007ffe3fc63000 	C:\WINDOWS\System32\ADVAPI32.dll
0x00007ffe40770000 - 0x00007ffe4080e000 	C:\WINDOWS\System32\msvcrt.dll
0x00007ffe40670000 - 0x00007ffe40707000 	C:\WINDOWS\System32\sechost.dll
0x00007ffe3fe20000 - 0x00007ffe3ff40000 	C:\WINDOWS\System32\RPCRT4.dll
0x00007ffe40cc0000 - 0x00007ffe40e53000 	C:\WINDOWS\System32\USER32.dll
0x00007ffe3f5c0000 - 0x00007ffe3f5e1000 	C:\WINDOWS\System32\win32u.dll
0x00007ffe27d90000 - 0x00007ffe28015000 	C:\WINDOWS\WinSxS\amd64_microsoft.windows.common-controls_6595b64144ccf1df_6.0.18362.356_none_e6c4af7d130f27cc\COMCTL32.dll
0x00007ffe403c0000 - 0x00007ffe403e6000 	C:\WINDOWS\System32\GDI32.dll
0x00007ffe40890000 - 0x00007ffe40bc6000 	C:\WINDOWS\System32\combase.dll
0x00007ffe3e9d0000 - 0x00007ffe3eb64000 	C:\WINDOWS\System32\gdi32full.dll
0x00007ffe3edc0000 - 0x00007ffe3ee40000 	C:\WINDOWS\System32\bcryptPrimitives.dll
0x00007ffe3f670000 - 0x00007ffe3f70e000 	C:\WINDOWS\System32\msvcp_win.dll
0x00007ffe344f0000 - 0x00007ffe344fa000 	C:\WINDOWS\SYSTEM32\VERSION.dll
0x00007ffe40bd0000 - 0x00007ffe40bfe000 	C:\WINDOWS\System32\IMM32.DLL
0x00007ffe14860000 - 0x00007ffe1490a000 	C:\Program Files\Java\jdk-12.0.2\bin\msvcp140.dll
0x00007ffe006e0000 - 0x00007ffe01257000 	C:\Program Files\Java\jdk-12.0.2\bin\server\jvm.dll
0x00007ffe3fc70000 - 0x00007ffe3fc78000 	C:\WINDOWS\System32\PSAPI.DLL
0x00007ffe3c2c0000 - 0x00007ffe3c2e4000 	C:\WINDOWS\SYSTEM32\WINMM.dll
0x00007ffe3b180000 - 0x00007ffe3b189000 	C:\WINDOWS\SYSTEM32\WSOCK32.dll
0x00007ffe403f0000 - 0x00007ffe4045f000 	C:\WINDOWS\System32\WS2_32.dll
0x00007ffe3bbd0000 - 0x00007ffe3bbfd000 	C:\WINDOWS\SYSTEM32\WINMMBASE.dll
0x00007ffe3faa0000 - 0x00007ffe3faea000 	C:\WINDOWS\System32\cfgmgr32.dll
0x00007ffe3e9b0000 - 0x00007ffe3e9c1000 	C:\WINDOWS\System32\kernel.appcore.dll
0x00007ffe37390000 - 0x00007ffe373a1000 	C:\Program Files\Java\jdk-12.0.2\bin\verify.dll
0x00007ffe2bdf0000 - 0x00007ffe2bfe4000 	C:\WINDOWS\SYSTEM32\DBGHELP.DLL
0x00007ffe2dcc0000 - 0x00007ffe2dcea000 	C:\WINDOWS\SYSTEM32\dbgcore.DLL
0x00007ffe288f0000 - 0x00007ffe28916000 	C:\Program Files\Java\jdk-12.0.2\bin\java.dll
0x00007ffe200d0000 - 0x00007ffe20108000 	C:\Program Files\Java\jdk-12.0.2\bin\jdwp.dll
0x00007ffe267c0000 - 0x00007ffe267ce000 	C:\Program Files\Java\jdk-12.0.2\bin\instrument.dll
0x00007ffe37170000 - 0x00007ffe37187000 	C:\Program Files\Java\jdk-12.0.2\bin\zip.dll
0x00007ffe2dcb0000 - 0x00007ffe2dcba000 	C:\Program Files\Java\jdk-12.0.2\bin\jimage.dll

dbghelp: loaded successfully - version: 4.0.5 - missing functions: none
symbol engine: initialized successfully - sym options: 0x614 - pdb path: .;C:\Program Files\Java\jdk-12.0.2\bin;C:\WINDOWS\SYSTEM32;C:\WINDOWS\WinSxS\amd64_microsoft.windows.common-controls_6595b64144ccf1df_6.0.18362.356_none_e6c4af7d130f27cc;C:\Program Files\Java\jdk-12.0.2\bin\server

VM Arguments:
jvm_args: -agentlib:jdwp=transport=dt_socket,suspend=y,address=localhost:62250 -javaagent:C:\Users\Lionel\eclipse\jee-latest-released\eclipse\configuration\org.eclipse.osgi\411\0\.cp\lib\javaagent-shaded.jar -Dfile.encoding=Cp1252 
java_command: gamechess.Main
java_class_path (initial): C:\Users\Lionel\Documents\Eclipse\API\Chess\bin
Launcher Type: SUN_STANDARD

[Global flags]
     intx CICompilerCount                          = 4                                         {product} {ergonomic}
     uint ConcGCThreads                            = 2                                         {product} {ergonomic}
     uint G1ConcRefinementThreads                  = 8                                         {product} {ergonomic}
   size_t G1HeapRegionSize                         = 1048576                                   {product} {ergonomic}
    uintx GCDrainStackTargetSize                   = 64                                        {product} {ergonomic}
   size_t InitialHeapSize                          = 268435456                                 {product} {ergonomic}
   size_t MarkStackSize                            = 4194304                                   {product} {ergonomic}
   size_t MaxHeapSize                              = 4265607168                                {product} {ergonomic}
   size_t MinHeapDeltaBytes                        = 1048576                                   {product} {ergonomic}
    uintx NonNMethodCodeHeapSize                   = 5836300                                {pd product} {ergonomic}
    uintx NonProfiledCodeHeapSize                  = 122910970                              {pd product} {ergonomic}
    uintx ProfiledCodeHeapSize                     = 122910970                              {pd product} {ergonomic}
    uintx ReservedCodeCacheSize                    = 251658240                              {pd product} {ergonomic}
     bool SegmentedCodeCache                       = true                                      {product} {ergonomic}
     bool UseCompressedClassPointers               = true                                 {lp64_product} {ergonomic}
     bool UseCompressedOops                        = true                                 {lp64_product} {ergonomic}
     bool UseG1GC                                  = true                                      {product} {ergonomic}
     bool UseLargePagesIndividualAllocation        = false                                  {pd product} {ergonomic}

Logging:
Log output configuration:
 #0: stdout all=warning uptime,level,tags
 #1: stderr all=off uptime,level,tags

Environment Variables:
JAVA_HOME=C:\Program Files\Java\jdk-12.0.2
PATH=C:/Program Files/Java/jdk-12.0.2/bin/server;C:/Program Files/Java/jdk-12.0.2/bin;C:\WINDOWS\system32;C:\WINDOWS;C:\WINDOWS\System32\Wbem;C:\WINDOWS\System32\WindowsPowerShell\v1.0\;C:\WINDOWS\System32\OpenSSH\;C:\Program Files\dotnet\;C:\Program Files\Java\jdk-12.0.2\bin;C:\Program Files\Git\cmd;C:\Program Files\nodejs\;C:\Users\Lionel\AppData\Local\Microsoft\WindowsApps;;C:\Users\Lionel\AppData\Local\Programs\Microsoft VS Code\bin;C:\Users\Lionel\.dotnet\tools;C:\Users\Lionel\AppData\Local\Microsoft\WindowsApps;C:\Users\Lionel\AppData\Roaming\npm;C:\WINDOWS\system32;
USERNAME=Lionel
OS=Windows_NT
PROCESSOR_IDENTIFIER=Intel64 Family 6 Model 60 Stepping 3, GenuineIntel



---------------  S Y S T E M  ---------------

OS: Windows 10 , 64 bit Build 18362 (10.0.18362.329)

CPU:total 8 (initial active 8) (4 cores per cpu, 2 threads per core) family 6 model 60 stepping 3, cmov, cx8, fxsr, mmx, sse, sse2, sse3, ssse3, sse4.1, sse4.2, popcnt, avx, avx2, aes, clmul, erms, lzcnt, ht, tsc, tscinvbit, bmi1, bmi2, fma

Memory: 4k page, system-wide physical 16268M (4968M free)
TotalPageFile size 31705M (AvailPageFile size 77M)
current process WorkingSet (physical memory assigned to process): 10M, peak: 10M
current process commit charge ("private bytes"): 61M, peak: 317M

vm_info: Java HotSpot(TM) 64-Bit Server VM (12.0.2+10) for windows-amd64 JRE (12.0.2+10), built on Jul 16 2019 01:56:17 by "mach5one" with MS VC++ 15.5 (VS2017)

END.
